proselyting
assailant
apathy
callous
bereavement
morbid
compatriot
POTENT
jujitsu
claque
claquing
ecstatic
laxity
lax
proliferation
phony
saboteur
quintessential
quintessential
affinity
affinity
kinship
prejudice
resent
jettison
cauldron
cogenial
cogenial
congenial
resentment
rancorous
Anglo
incessant
livid
incarceration
contraption
retaliate
eccentric
lavish
anecdote
exasperated
aficionados
obstetrician
stardom
succinct
facet
connotation
fracas
samora
help
samora
samora machel
